TN:
SF:C:\Users\csbacon\WebstormProjects\Trie\trie.js
FN:9,Trie
FN:10,Node
FN:26,addWord
FN:52,deleteWord
FN:72,contains
FN:91,getSize
FN:97,isValid
FN:106,createAlphabetMap
FNF:8
FNH:8
FNDA:29,Trie
FNDA:18848,Node
FNDA:17640,addWord
FNDA:25,deleteWord
FNDA:35297,contains
FNDA:35,getSize
FNDA:52900,isValid
FNDA:18848,createAlphabetMap
DA:7,1
DA:9,1
DA:11,18848
DA:12,18848
DA:15,29
DA:16,29
DA:18,29
DA:27,17640
DA:28,17623
DA:30,17623
DA:31,24
DA:33,17623
DA:36,17623
DA:37,53308
DA:38,18824
DA:41,53308
DA:43,17623
DA:45,17623
DA:46,17623
DA:48,17
DA:53,25
DA:54,17
DA:56,8
DA:58,8
DA:61,8
DA:62,34
DA:65,8
DA:67,8
DA:68,8
DA:73,35297
DA:74,75
DA:76,35222
DA:77,35222
DA:79,35222
DA:80,105374
DA:81,17595
DA:83,87779
DA:87,17627
DA:92,35
DA:98,52900
DA:99,20
DA:101,52880
DA:107,18848
DA:110,18848
DA:111,490048
DA:114,18848
DA:117,1
LF:47
LH:47
BRDA:27,1,0,17623
BRDA:27,1,1,17
BRDA:27,2,0,17640
BRDA:27,2,1,17639
BRDA:30,3,0,24
BRDA:30,3,1,17599
BRDA:37,4,0,18824
BRDA:37,4,1,34484
BRDA:53,5,0,17
BRDA:53,5,1,8
BRDA:53,6,0,25
BRDA:53,6,1,24
BRDA:53,6,2,8
BRDA:73,7,0,75
BRDA:73,7,1,35222
BRDA:73,8,0,35297
BRDA:73,8,1,35237
BRDA:80,9,0,17595
BRDA:80,9,1,87779
BRDA:98,10,0,20
BRDA:98,10,1,52880
BRDA:98,11,0,52900
BRDA:98,11,1,52882
BRF:23
BRH:23
end_of_record
